This is pdfTeX, Version 3.141592653-2.6-1.40.25 (MiKTeX 24.1) (preloaded format=pdflatex 2024.9.5)  7 MAY 2025 21:57
entering extended mode
 restricted \write18 enabled.
 %&-line parsing enabled.
**"./4 - Final Report.tex"
(4 - Final Report.tex
LaTeX2e <2023-11-01> patch level 1
L3 programming layer <2024-01-04>

(C:\Users\Patrick Chen\AppData\Local\Programs\MiKTeX\tex/latex/base\article.cls
Document Class: article 2023/05/17 v1.4n Standard LaTeX document class
(C:\Users\Patrick Chen\AppData\Local\Programs\MiKTeX\tex/latex/base\size10.clo
File: size10.clo 2023/05/17 v1.4n Standard LaTeX file (size option)
)
\c@part=\count187
\c@section=\count188
\c@subsection=\count189
\c@subsubsection=\count190
\c@paragraph=\count191
\c@subparagraph=\count192
\c@figure=\count193
\c@table=\count194
\abovecaptionskip=\skip48
\belowcaptionskip=\skip49
\bibindent=\dimen140
) (iclr2024_conference.sty
(C:\Users\Patrick Chen\AppData\Local\Programs\MiKTeX\tex/latex/eso-pic\eso-pic.
sty
Package: eso-pic 2023/05/03 v3.0c eso-pic (RN)
\ESO@tempdima=\dimen141
\ESO@tempdimb=\dimen142

(C:\Users\Patrick Chen\AppData\Local\Programs\MiKTeX\tex/latex/graphics\keyval.
sty
Package: keyval 2022/05/29 v1.15 key=value parser (DPC)
\KV@toks@=\toks17
)
(C:\Users\Patrick Chen\AppData\Local\Programs\MiKTeX\tex/latex/xcolor\xcolor.st
y
Package: xcolor 2023/11/15 v3.01 LaTeX color extensions (UK)

(C:\Users\Patrick Chen\AppData\Local\Programs\MiKTeX\tex/latex/graphics-cfg\col
or.cfg
File: color.cfg 2016/01/02 v1.6 sample color configuration
)
Package xcolor Info: Driver file: pdftex.def on input line 274.

(C:\Users\Patrick Chen\AppData\Local\Programs\MiKTeX\tex/latex/graphics-def\pdf
tex.def
File: pdftex.def 2022/09/22 v1.2b Graphics/color driver for pdftex
)
(C:\Users\Patrick Chen\AppData\Local\Programs\MiKTeX\tex/latex/graphics\mathcol
or.ltx)
Package xcolor Info: Model `cmy' substituted by `cmy0' on input line 1350.
Package xcolor Info: Model `hsb' substituted by `rgb' on input line 1354.
Package xcolor Info: Model `RGB' extended on input line 1366.
Package xcolor Info: Model `HTML' substituted by `rgb' on input line 1368.
Package xcolor Info: Model `Hsb' substituted by `hsb' on input line 1369.
Package xcolor Info: Model `tHsb' substituted by `hsb' on input line 1370.
Package xcolor Info: Model `HSB' substituted by `hsb' on input line 1371.
Package xcolor Info: Model `Gray' substituted by `gray' on input line 1372.
Package xcolor Info: Model `wave' substituted by `hsb' on input line 1373.
)) (fancyhdr.sty
\fancy@headwidth=\skip50
\f@ncyO@elh=\skip51
\f@ncyO@erh=\skip52
\f@ncyO@olh=\skip53
\f@ncyO@orh=\skip54
\f@ncyO@elf=\skip55
\f@ncyO@erf=\skip56
\f@ncyO@olf=\skip57
\f@ncyO@orf=\skip58
) (natbib.sty
Package: natbib 2009/07/16 8.31 (PWD, AO)
\bibhang=\skip59
\bibsep=\skip60
LaTeX Info: Redefining \cite on input line 694.
\c@NAT@ctr=\count195
))
(C:\Users\Patrick Chen\AppData\Local\Programs\MiKTeX\tex/latex/psnfss\times.sty
Package: times 2020/03/25 PSNFSS-v9.3 (SPQR) 
) (math_commands.tex
(C:\Users\Patrick Chen\AppData\Local\Programs\MiKTeX\tex/latex/amsmath\amsmath.
sty
Package: amsmath 2023/05/13 v2.17o AMS math features
\@mathmargin=\skip61

For additional information on amsmath, use the `?' option.

(C:\Users\Patrick Chen\AppData\Local\Programs\MiKTeX\tex/latex/amsmath\amstext.
sty
Package: amstext 2021/08/26 v2.01 AMS text

(C:\Users\Patrick Chen\AppData\Local\Programs\MiKTeX\tex/latex/amsmath\amsgen.s
ty
File: amsgen.sty 1999/11/30 v2.0 generic functions
\@emptytoks=\toks18
\ex@=\dimen143
))
(C:\Users\Patrick Chen\AppData\Local\Programs\MiKTeX\tex/latex/amsmath\amsbsy.s
ty
Package: amsbsy 1999/11/29 v1.2d Bold Symbols
\pmbraise@=\dimen144
)
(C:\Users\Patrick Chen\AppData\Local\Programs\MiKTeX\tex/latex/amsmath\amsopn.s
ty
Package: amsopn 2022/04/08 v2.04 operator names
)
\inf@bad=\count196
LaTeX Info: Redefining \frac on input line 234.
\uproot@=\count197
\leftroot@=\count198
LaTeX Info: Redefining \overline on input line 399.
LaTeX Info: Redefining \colon on input line 410.
\classnum@=\count199
\DOTSCASE@=\count266
LaTeX Info: Redefining \ldots on input line 496.
LaTeX Info: Redefining \dots on input line 499.
LaTeX Info: Redefining \cdots on input line 620.
\Mathstrutbox@=\box51
\strutbox@=\box52
LaTeX Info: Redefining \big on input line 722.
LaTeX Info: Redefining \Big on input line 723.
LaTeX Info: Redefining \bigg on input line 724.
LaTeX Info: Redefining \Bigg on input line 725.
\big@size=\dimen145
LaTeX Font Info:    Redeclaring font encoding OML on input line 743.
LaTeX Font Info:    Redeclaring font encoding OMS on input line 744.
\macc@depth=\count267
LaTeX Info: Redefining \bmod on input line 905.
LaTeX Info: Redefining \pmod on input line 910.
LaTeX Info: Redefining \smash on input line 940.
LaTeX Info: Redefining \relbar on input line 970.
LaTeX Info: Redefining \Relbar on input line 971.
\c@MaxMatrixCols=\count268
\dotsspace@=\muskip16
\c@parentequation=\count269
\dspbrk@lvl=\count270
\tag@help=\toks19
\row@=\count271
\column@=\count272
\maxfields@=\count273
\andhelp@=\toks20
\eqnshift@=\dimen146
\alignsep@=\dimen147
\tagshift@=\dimen148
\tagwidth@=\dimen149
\totwidth@=\dimen150
\lineht@=\dimen151
\@envbody=\toks21
\multlinegap=\skip62
\multlinetaggap=\skip63
\mathdisplay@stack=\toks22
LaTeX Info: Redefining \[ on input line 2953.
LaTeX Info: Redefining \] on input line 2954.
)
(C:\Users\Patrick Chen\AppData\Local\Programs\MiKTeX\tex/latex/amsfonts\amsfont
s.sty
Package: amsfonts 2013/01/14 v3.01 Basic AMSFonts support
\symAMSa=\mathgroup4
\symAMSb=\mathgroup5
LaTeX Font Info:    Redeclaring math symbol \hbar on input line 98.
LaTeX Font Info:    Overwriting math alphabet `\mathfrak' in version `bold'
(Font)                  U/euf/m/n --> U/euf/b/n on input line 106.
)
(C:\Users\Patrick Chen\AppData\Local\Programs\MiKTeX\tex/latex/tools\bm.sty
Package: bm 2023/07/08 v1.2f Bold Symbol Support (DPC/FMi)
\symboldoperators=\mathgroup6
\symboldletters=\mathgroup7
\symboldsymbols=\mathgroup8
Package bm Info: No bold for \OMX/cmex/m/n, using \pmb.
Package bm Info: No bold for \U/msa/m/n, using \pmb.
Package bm Info: No bold for \U/msb/m/n, using \pmb.
LaTeX Font Info:    Redeclaring math alphabet \mathbf on input line 149.
)
LaTeX Font Info:    Overwriting math alphabet `\mathsfit' in version `bold'
(Font)                  OT1/phv/m/sl --> OT1/phv/bx/n on input line 317.
)
(C:\Users\Patrick Chen\AppData\Local\Programs\MiKTeX\tex/latex/booktabs\booktab
s.sty
Package: booktabs 2020/01/12 v1.61803398 Publication quality tables
\heavyrulewidth=\dimen152
\lightrulewidth=\dimen153
\cmidrulewidth=\dimen154
\belowrulesep=\dimen155
\belowbottomsep=\dimen156
\aboverulesep=\dimen157
\abovetopsep=\dimen158
\cmidrulesep=\dimen159
\cmidrulekern=\dimen160
\defaultaddspace=\dimen161
\@cmidla=\count274
\@cmidlb=\count275
\@aboverulesep=\dimen162
\@belowrulesep=\dimen163
\@thisruleclass=\count276
\@lastruleclass=\count277
\@thisrulewidth=\dimen164
)
(C:\Users\Patrick Chen\AppData\Local\Programs\MiKTeX\tex/latex/hyperref\hyperre
f.sty
Package: hyperref 2023-11-26 v7.01g Hypertext links for LaTeX

(C:\Users\Patrick Chen\AppData\Local\Programs\MiKTeX\tex/generic/iftex\iftex.st
y
Package: iftex 2022/02/03 v1.0f TeX engine tests
)
(C:\Users\Patrick Chen\AppData\Local\Programs\MiKTeX\tex/generic/infwarerr\infw
arerr.sty
Package: infwarerr 2019/12/03 v1.5 Providing info/warning/error messages (HO)
)
(C:\Users\Patrick Chen\AppData\Local\Programs\MiKTeX\tex/latex/kvsetkeys\kvsetk
eys.sty
Package: kvsetkeys 2022-10-05 v1.19 Key value parser (HO)
)
(C:\Users\Patrick Chen\AppData\Local\Programs\MiKTeX\tex/generic/kvdefinekeys\k
vdefinekeys.sty
Package: kvdefinekeys 2019-12-19 v1.6 Define keys (HO)
)
(C:\Users\Patrick Chen\AppData\Local\Programs\MiKTeX\tex/generic/pdfescape\pdfe
scape.sty
Package: pdfescape 2019/12/09 v1.15 Implements pdfTeX's escape features (HO)

(C:\Users\Patrick Chen\AppData\Local\Programs\MiKTeX\tex/generic/ltxcmds\ltxcmd
s.sty
Package: ltxcmds 2023-12-04 v1.26 LaTeX kernel commands for general use (HO)
)
(C:\Users\Patrick Chen\AppData\Local\Programs\MiKTeX\tex/generic/pdftexcmds\pdf
texcmds.sty
Package: pdftexcmds 2020-06-27 v0.33 Utility functions of pdfTeX for LuaTeX (HO
)
Package pdftexcmds Info: \pdf@primitive is available.
Package pdftexcmds Info: \pdf@ifprimitive is available.
Package pdftexcmds Info: \pdfdraftmode found.
))
(C:\Users\Patrick Chen\AppData\Local\Programs\MiKTeX\tex/latex/hycolor\hycolor.
sty
Package: hycolor 2020-01-27 v1.10 Color options for hyperref/bookmark (HO)
)
(C:\Users\Patrick Chen\AppData\Local\Programs\MiKTeX\tex/latex/letltxmacro\letl
txmacro.sty
Package: letltxmacro 2019/12/03 v1.6 Let assignment for LaTeX macros (HO)
)
(C:\Users\Patrick Chen\AppData\Local\Programs\MiKTeX\tex/latex/auxhook\auxhook.
sty
Package: auxhook 2019-12-17 v1.6 Hooks for auxiliary files (HO)
)
(C:\Users\Patrick Chen\AppData\Local\Programs\MiKTeX\tex/latex/hyperref\nameref
.sty
Package: nameref 2023-11-26 v2.56 Cross-referencing by name of section

(C:\Users\Patrick Chen\AppData\Local\Programs\MiKTeX\tex/latex/refcount\refcoun
t.sty
Package: refcount 2019/12/15 v3.6 Data extraction from label references (HO)
)
(C:\Users\Patrick Chen\AppData\Local\Programs\MiKTeX\tex/generic/gettitlestring
\gettitlestring.sty
Package: gettitlestring 2019/12/15 v1.6 Cleanup title references (HO)

(C:\Users\Patrick Chen\AppData\Local\Programs\MiKTeX\tex/latex/kvoptions\kvopti
ons.sty
Package: kvoptions 2022-06-15 v3.15 Key value format for package options (HO)
))
\c@section@level=\count278
)
(C:\Users\Patrick Chen\AppData\Local\Programs\MiKTeX\tex/latex/etoolbox\etoolbo
x.sty
Package: etoolbox 2020/10/05 v2.5k e-TeX tools for LaTeX (JAW)
\etb@tempcnta=\count279
)
\@linkdim=\dimen165
\Hy@linkcounter=\count280
\Hy@pagecounter=\count281

(C:\Users\Patrick Chen\AppData\Local\Programs\MiKTeX\tex/latex/hyperref\pd1enc.
def
File: pd1enc.def 2023-11-26 v7.01g Hyperref: PDFDocEncoding definition (HO)
Now handling font encoding PD1 ...
... no UTF-8 mapping file for font encoding PD1
)
(C:\Users\Patrick Chen\AppData\Local\Programs\MiKTeX\tex/generic/intcalc\intcal
c.sty
Package: intcalc 2019/12/15 v1.3 Expandable calculations with integers (HO)
)
\Hy@SavedSpaceFactor=\count282

(C:\Users\Patrick Chen\AppData\Local\Programs\MiKTeX\tex/latex/hyperref\puenc.d
ef
File: puenc.def 2023-11-26 v7.01g Hyperref: PDF Unicode definition (HO)
Now handling font encoding PU ...
... no UTF-8 mapping file for font encoding PU
)
Package hyperref Info: Hyper figures OFF on input line 4181.
Package hyperref Info: Link nesting OFF on input line 4186.
Package hyperref Info: Hyper index ON on input line 4189.
Package hyperref Info: Plain pages OFF on input line 4196.
Package hyperref Info: Backreferencing OFF on input line 4201.
Package hyperref Info: Implicit mode ON; LaTeX internals redefined.
Package hyperref Info: Bookmarks ON on input line 4448.
\c@Hy@tempcnt=\count283
 (C:\Users\Patrick Chen\AppData\Local\Programs\MiKTeX\tex/latex/url\url.sty
\Urlmuskip=\muskip17
Package: url 2013/09/16  ver 3.4  Verb mode for urls, etc.
)
LaTeX Info: Redefining \url on input line 4786.
\XeTeXLinkMargin=\dimen166

(C:\Users\Patrick Chen\AppData\Local\Programs\MiKTeX\tex/generic/bitset\bitset.
sty
Package: bitset 2019/12/09 v1.3 Handle bit-vector datatype (HO)

(C:\Users\Patrick Chen\AppData\Local\Programs\MiKTeX\tex/generic/bigintcalc\big
intcalc.sty
Package: bigintcalc 2019/12/15 v1.5 Expandable calculations on big integers (HO
)
))
\Fld@menulength=\count284
\Field@Width=\dimen167
\Fld@charsize=\dimen168
Package hyperref Info: Hyper figures OFF on input line 6065.
Package hyperref Info: Link nesting OFF on input line 6070.
Package hyperref Info: Hyper index ON on input line 6073.
Package hyperref Info: backreferencing OFF on input line 6080.
Package hyperref Info: Link coloring OFF on input line 6085.
Package hyperref Info: Link coloring with OCG OFF on input line 6090.
Package hyperref Info: PDF/A mode OFF on input line 6095.

(C:\Users\Patrick Chen\AppData\Local\Programs\MiKTeX\tex/latex/base\atbegshi-lt
x.sty
Package: atbegshi-ltx 2021/01/10 v1.0c Emulation of the original atbegshi
package with kernel methods
)
\Hy@abspage=\count285
\c@Item=\count286
\c@Hfootnote=\count287
)
Package hyperref Info: Driver (autodetected): hpdftex.

(C:\Users\Patrick Chen\AppData\Local\Programs\MiKTeX\tex/latex/hyperref\hpdftex
.def
File: hpdftex.def 2023-11-26 v7.01g Hyperref driver for pdfTeX

(C:\Users\Patrick Chen\AppData\Local\Programs\MiKTeX\tex/latex/base\atveryend-l
tx.sty
Package: atveryend-ltx 2020/08/19 v1.0a Emulation of the original atveryend pac
kage
with kernel methods
)
\Fld@listcount=\count288
\c@bookmark@seq@number=\count289

(C:\Users\Patrick Chen\AppData\Local\Programs\MiKTeX\tex/latex/rerunfilecheck\r
erunfilecheck.sty
Package: rerunfilecheck 2022-07-10 v1.10 Rerun checks for auxiliary files (HO)

(C:\Users\Patrick Chen\AppData\Local\Programs\MiKTeX\tex/generic/uniquecounter\
uniquecounter.sty
Package: uniquecounter 2019/12/15 v1.4 Provide unlimited unique counter (HO)
)
Package uniquecounter Info: New unique counter `rerunfilecheck' on input line 2
85.
)
\Hy@SectionHShift=\skip64
)
(C:\Users\Patrick Chen\AppData\Local\Programs\MiKTeX\tex/latex/caption\caption.
sty
Package: caption 2023/08/05 v3.6o Customizing captions (AR)

(C:\Users\Patrick Chen\AppData\Local\Programs\MiKTeX\tex/latex/caption\caption3
.sty
Package: caption3 2023/07/31 v2.4d caption3 kernel (AR)
\caption@tempdima=\dimen169
\captionmargin=\dimen170
\caption@leftmargin=\dimen171
\caption@rightmargin=\dimen172
\caption@width=\dimen173
\caption@indent=\dimen174
\caption@parindent=\dimen175
\caption@hangindent=\dimen176
Package caption Info: Standard document class detected.
)
\c@caption@flags=\count290
\c@continuedfloat=\count291
Package caption Info: hyperref package is loaded.
)
(C:\Users\Patrick Chen\AppData\Local\Programs\MiKTeX\tex/latex/graphics\graphic
x.sty
Package: graphicx 2021/09/16 v1.2d Enhanced LaTeX Graphics (DPC,SPQR)

(C:\Users\Patrick Chen\AppData\Local\Programs\MiKTeX\tex/latex/graphics\graphic
s.sty
Package: graphics 2022/03/10 v1.4e Standard LaTeX Graphics (DPC,SPQR)

(C:\Users\Patrick Chen\AppData\Local\Programs\MiKTeX\tex/latex/graphics\trig.st
y
Package: trig 2021/08/11 v1.11 sin cos tan (DPC)
)
(C:\Users\Patrick Chen\AppData\Local\Programs\MiKTeX\tex/latex/graphics-cfg\gra
phics.cfg
File: graphics.cfg 2016/06/04 v1.11 sample graphics configuration
)
Package graphics Info: Driver file: pdftex.def on input line 107.
)
\Gin@req@height=\dimen177
\Gin@req@width=\dimen178
)
(C:\Users\Patrick Chen\AppData\Local\Programs\MiKTeX\tex/latex/float\float.sty
Package: float 2001/11/08 v1.3d Float enhancements (AL)
\c@float@type=\count292
\float@exts=\toks23
\float@box=\box53
\@float@everytoks=\toks24
\@floatcapt=\box54
)
(C:\Users\Patrick Chen\AppData\Local\Programs\MiKTeX\tex/latex/amsfonts\amssymb
.sty
Package: amssymb 2013/01/14 v3.01 AMS font symbols
)
(C:\Users\Patrick Chen\AppData\Local\Programs\MiKTeX\tex/latex/psnfss\pifont.st
y
Package: pifont 2020/03/25 PSNFSS-v9.3 Pi font support (SPQR) 
LaTeX Font Info:    Trying to load font information for U+pzd on input line 63.

 (C:\Users\Patrick Chen\AppData\Local\Programs\MiKTeX\tex/latex/psnfss\upzd.fd
File: upzd.fd 2001/06/04 font definitions for U/pzd.
)
LaTeX Font Info:    Trying to load font information for U+psy on input line 64.

 (C:\Users\Patrick Chen\AppData\Local\Programs\MiKTeX\tex/latex/psnfss\upsy.fd
File: upsy.fd 2001/06/04 font definitions for U/psy.
))
(C:\Users\Patrick Chen\AppData\Local\Programs\MiKTeX\tex/latex/tools\tabularx.s
ty
Package: tabularx 2023/07/08 v2.11c `tabularx' package (DPC)

(C:\Users\Patrick Chen\AppData\Local\Programs\MiKTeX\tex/latex/tools\array.sty
Package: array 2023/10/16 v2.5g Tabular extension package (FMi)
\col@sep=\dimen179
\ar@mcellbox=\box55
\extrarowheight=\dimen180
\NC@list=\toks25
\extratabsurround=\skip65
\backup@length=\skip66
\ar@cellbox=\box56
)
\TX@col@width=\dimen181
\TX@old@table=\dimen182
\TX@old@col=\dimen183
\TX@target=\dimen184
\TX@delta=\dimen185
\TX@cols=\count293
\TX@ftn=\toks26
)
(C:\Users\Patrick Chen\AppData\Local\Programs\MiKTeX\tex/latex/makecell\makecel
l.sty
Package: makecell 2009/08/03 V0.1e Managing of Tab Column Heads and Cells
\rotheadsize=\dimen186
\c@nlinenum=\count294
\TeXr@lab=\toks27
)
(C:\Users\Patrick Chen\AppData\Local\Programs\MiKTeX\tex/latex/placeins\placein
s.sty
Package: placeins 2005/04/18  v 2.2
)
(C:\Users\Patrick Chen\AppData\Local\Programs\MiKTeX\tex/latex/caption\subcapti
on.sty
Package: subcaption 2023/07/28 v1.6b Sub-captions (AR)
Package caption Info: New subtype `subfigure' on input line 238.
\c@subfigure=\count295
Package caption Info: New subtype `subtable' on input line 238.
\c@subtable=\count296
)
(C:\Users\Patrick Chen\AppData\Local\Programs\MiKTeX\tex/latex/multirow\multiro
w.sty
Package: multirow 2021/03/15 v2.8 Span multiple rows of a table
\multirow@colwidth=\skip67
\multirow@cntb=\count297
\multirow@dima=\skip68
\bigstrutjot=\dimen187
)
LaTeX Font Info:    Trying to load font information for OT1+ptm on input line 3
6.

(C:\Users\Patrick Chen\AppData\Local\Programs\MiKTeX\tex/latex/psnfss\ot1ptm.fd
File: ot1ptm.fd 2001/06/04 font definitions for OT1/ptm.
)
(C:\Users\Patrick Chen\AppData\Local\Programs\MiKTeX\tex/latex/l3backend\l3back
end-pdftex.def
File: l3backend-pdftex.def 2024-01-04 L3 backend support: PDF output (pdfTeX)
\l__color_backend_stack_int=\count298
\l__pdf_internal_box=\box57
) (4 - Final Report.aux

LaTeX Warning: Label `fig:misaligned-examples' multiply defined.


LaTeX Warning: Label `fig:misaligned-examples' multiply defined.


LaTeX Warning: Label `tab:qualitative_examples_our' multiply defined.


LaTeX Warning: Label `tab:collision_responses' multiply defined.

)
\openout1 = `"4 - Final Report.aux"'.

LaTeX Font Info:    Checking defaults for OML/cmm/m/it on input line 36.
LaTeX Font Info:    ... okay on input line 36.
LaTeX Font Info:    Checking defaults for OMS/cmsy/m/n on input line 36.
LaTeX Font Info:    ... okay on input line 36.
LaTeX Font Info:    Checking defaults for OT1/cmr/m/n on input line 36.
LaTeX Font Info:    ... okay on input line 36.
LaTeX Font Info:    Checking defaults for T1/cmr/m/n on input line 36.
LaTeX Font Info:    ... okay on input line 36.
LaTeX Font Info:    Checking defaults for TS1/cmr/m/n on input line 36.
LaTeX Font Info:    ... okay on input line 36.
LaTeX Font Info:    Checking defaults for OMX/cmex/m/n on input line 36.
LaTeX Font Info:    ... okay on input line 36.
LaTeX Font Info:    Checking defaults for U/cmr/m/n on input line 36.
LaTeX Font Info:    ... okay on input line 36.
LaTeX Font Info:    Checking defaults for PD1/pdf/m/n on input line 36.
LaTeX Font Info:    ... okay on input line 36.
LaTeX Font Info:    Checking defaults for PU/pdf/m/n on input line 36.
LaTeX Font Info:    ... okay on input line 36.

(C:\Users\Patrick Chen\AppData\Local\Programs\MiKTeX\tex/context/base/mkii\supp
-pdf.mkii
[Loading MPS to PDF converter (version 2006.09.02).]
\scratchcounter=\count299
\scratchdimen=\dimen188
\scratchbox=\box58
\nofMPsegments=\count300
\nofMParguments=\count301
\everyMPshowfont=\toks28
\MPscratchCnt=\count302
\MPscratchDim=\dimen189
\MPnumerator=\count303
\makeMPintoPDFobject=\count304
\everyMPtoPDFconversion=\toks29
)
(C:\Users\Patrick Chen\AppData\Local\Programs\MiKTeX\tex/latex/epstopdf-pkg\eps
topdf-base.sty
Package: epstopdf-base 2020-01-24 v2.11 Base part for package epstopdf
Package epstopdf-base Info: Redefining graphics rule for `.eps' on input line 4
85.

(C:\Users\Patrick Chen\AppData\Local\Programs\MiKTeX\tex/latex/00miktex\epstopd
f-sys.cfg
File: epstopdf-sys.cfg 2021/03/18 v2.0 Configuration of epstopdf for MiKTeX
))
Package hyperref Info: Link coloring OFF on input line 36.
 (4 - Final Report.out) (4 - Final Report.out)
\@outlinefile=\write3
\openout3 = `"4 - Final Report.out"'.

Package caption Info: Begin \AtBeginDocument code.
Package caption Info: float package is loaded.
Package caption Info: End \AtBeginDocument code.
LaTeX Font Info:    Trying to load font information for U+msa on input line 38.


(C:\Users\Patrick Chen\AppData\Local\Programs\MiKTeX\tex/latex/amsfonts\umsa.fd
File: umsa.fd 2013/01/14 v3.01 AMS symbols A
)
LaTeX Font Info:    Trying to load font information for U+msb on input line 38.


(C:\Users\Patrick Chen\AppData\Local\Programs\MiKTeX\tex/latex/amsfonts\umsb.fd
File: umsb.fd 2013/01/14 v3.01 AMS symbols B
)
LaTeX Font Info:    Trying to load font information for OT1+pcr on input line 3
8.

(C:\Users\Patrick Chen\AppData\Local\Programs\MiKTeX\tex/latex/psnfss\ot1pcr.fd
File: ot1pcr.fd 2001/06/04 font definitions for OT1/pcr.
)
LaTeX Font Info:    Trying to load font information for OMS+pcr on input line 3
8.

(C:\Users\Patrick Chen\AppData\Local\Programs\MiKTeX\tex/latex/psnfss\omspcr.fd
File: omspcr.fd 
)
LaTeX Font Info:    Font shape `OMS/pcr/m/n' in size <10> not available
(Font)              Font shape `OMS/cmsy/m/n' tried instead on input line 38.
LaTeX Font Info:    Trying to load font information for TS1+ptm on input line 5
2.

(C:\Users\Patrick Chen\AppData\Local\Programs\MiKTeX\tex/latex/psnfss\ts1ptm.fd
File: ts1ptm.fd 2001/06/04 font definitions for TS1/ptm.
) [1{C:/Users/Patrick Chen/AppData/Local/MiKTeX/fonts/map/pdftex/pdftex.map}{C:
/Users/Patrick Chen/AppData/Local/Programs/MiKTeX/fonts/enc/dvips/base/8r.enc}

]
<Figures/Example_QA.png, id=98, 1338.50063pt x 410.2828pt>
File: Figures/Example_QA.png Graphic file (type png)
<use Figures/Example_QA.png>
Package pdftex.def Info: Figures/Example_QA.png  used on input line 74.
(pdftex.def)             Requested size: 357.73405pt x 109.65096pt.
[2 <./Figures/Example_QA.png>]
Overfull \hbox (0.53598pt too wide) in paragraph at lines 126--126
 \OT1/ptm/b/n/9 Frames| 
 []


Overfull \hbox (2.73619pt too wide) in paragraph at lines 126--126
 []|\OT1/ptm/b/n/9 Perception| 
 []


Overfull \hbox (1.42212pt too wide) in paragraph at lines 126--126
 []|\OT1/ptm/b/n/9 Prediction| 
 []


Underfull \hbox (badness 10000) in alignment at lines 126--126
[][][][][][][][] 
 []

[3

]
Underfull \hbox (badness 6658) in paragraph at lines 174--174
[]|\OT1/ptm/m/n/9 DriveGPT4 []Xu et al.[]
 []


Underfull \hbox (badness 1132) in paragraph at lines 175--175
[]|\OT1/ptm/m/n/9 Aligns mul-ti-modal in-puts in-clud-ing Li-
 []


Underfull \hbox (badness 10000) in paragraph at lines 176--176
[]|\OT1/ptm/m/n/9 Fuses vec-tor-ized rep-re-sen-ta-tions with
 []


Underfull \hbox (badness 1117) in paragraph at lines 178--178
[]|\OT1/ptm/m/n/9 InstructBLIP []Dai et al.[]
 []


Underfull \hbox (badness 10000) in paragraph at lines 179--179
[]|\OT1/ptm/m/n/9 CLIP []Rad-ford et al.[]
 []


Underfull \hbox (badness 10000) in paragraph at lines 182--182
[]|\OT1/ptm/m/n/9 Visual Chat-GPT []Wu
 []


Underfull \hbox (badness 3601) in paragraph at lines 184--184
[]|\OT1/ptm/m/n/9 MiniGPT-4 []Zhu et al.[]
 []


Underfull \hbox (badness 6995) in paragraph at lines 187--187
[]|\OT1/ptm/m/n/9 BEVFormer []Li et al.[]
 []


Underfull \hbox (badness 4168) in paragraph at lines 188--188
[]|\OT1/ptm/m/n/9 BEVFusion []Liu et al.[]
 []


Underfull \hbox (badness 2512) in paragraph at lines 189--189
[]|\OT1/ptm/m/n/9 TransFusion []Bai et al.[]
 []


Underfull \hbox (badness 4660) in paragraph at lines 190--190
[]|\OT1/ptm/m/n/9 Point-BERT []Yu et al.[]
 []


Overfull \hbox (36.85313pt too wide) in paragraph at lines 168--194
 [][] 
 []

[4] [5]
<Figures/DriveLM_Dataset_Fig7.png, id=251, 658.71094pt x 246.9225pt>
File: Figures/DriveLM_Dataset_Fig7.png Graphic file (type png)
<use Figures/DriveLM_Dataset_Fig7.png>
Package pdftex.def Info: Figures/DriveLM_Dataset_Fig7.png  used on input line 2
41.
(pdftex.def)             Requested size: 317.9892pt x 119.2034pt.
<Figures/DriveLM_Dataset_Fig8.png, id=252, 722.7pt x 239.39438pt>
File: Figures/DriveLM_Dataset_Fig8.png Graphic file (type png)
<use Figures/DriveLM_Dataset_Fig8.png>
Package pdftex.def Info: Figures/DriveLM_Dataset_Fig8.png  used on input line 2
48.
(pdftex.def)             Requested size: 357.73405pt x 118.49875pt.
 [6

 <./Figures/DriveLM_Dataset_Fig7.png>]
<Figures/DriveLM_Dataset_Fig9.png, id=267, 697.8572pt x 212.29312pt>
File: Figures/DriveLM_Dataset_Fig9.png Graphic file (type png)
<use Figures/DriveLM_Dataset_Fig9.png>
Package pdftex.def Info: Figures/DriveLM_Dataset_Fig9.png  used on input line 2
71.
(pdftex.def)             Requested size: 397.48499pt x 120.91763pt.
 [7 <./Figures/DriveLM_Dataset_Fig8.png> <./Figures/DriveLM_Dataset_Fig9.png>] 
[8

]
<Figures/exam1_front_left_trailer.png, id=283, 853.68938pt x 493.845pt>
File: Figures/exam1_front_left_trailer.png Graphic file (type png)
<use Figures/exam1_front_left_trailer.png>
Package pdftex.def Info: Figures/exam1_front_left_trailer.png  used on input li
ne 334.
(pdftex.def)             Requested size: 119.2467pt x 68.97957pt.
<Figures/exam1_back_left_trailer.png, id=284, 860.46469pt x 502.12593pt>
File: Figures/exam1_back_left_trailer.png Graphic file (type png)
<use Figures/exam1_back_left_trailer.png>
Package pdftex.def Info: Figures/exam1_back_left_trailer.png  used on input lin
e 339.
(pdftex.def)             Requested size: 119.2467pt x 69.5846pt.
<Figures/exam1_back_trailer.png, id=285, 846.16125pt x 472.76625pt>
File: Figures/exam1_back_trailer.png Graphic file (type png)
<use Figures/exam1_back_trailer.png>
Package pdftex.def Info: Figures/exam1_back_trailer.png  used on input line 344
.
(pdftex.def)             Requested size: 119.2467pt x 66.61964pt.
<Figures/exam2_front_left_truck.png, id=286, 853.68938pt x 493.845pt>
File: Figures/exam2_front_left_truck.png Graphic file (type png)
<use Figures/exam2_front_left_truck.png>
Package pdftex.def Info: Figures/exam2_front_left_truck.png  used on input line
 355.
(pdftex.def)             Requested size: 119.2467pt x 68.97957pt.
<Figures/exam2_front_truck.png, id=287, 853.68938pt x 490.83376pt>
File: Figures/exam2_front_truck.png Graphic file (type png)
<use Figures/exam2_front_truck.png>
Package pdftex.def Info: Figures/exam2_front_truck.png  used on input line 360.

(pdftex.def)             Requested size: 119.2467pt x 68.55898pt.
<Figures/exam2_front_right_truck.png, id=288, 853.68938pt x 490.83376pt>
File: Figures/exam2_front_right_truck.png Graphic file (type png)
<use Figures/exam2_front_right_truck.png>
Package pdftex.def Info: Figures/exam2_front_right_truck.png  used on input lin
e 365.
(pdftex.def)             Requested size: 119.2467pt x 68.55898pt.
<Figures/exam3_back_left_ped.png, id=289, 853.68938pt x 487.06969pt>
File: Figures/exam3_back_left_ped.png Graphic file (type png)
<use Figures/exam3_back_left_ped.png>
Package pdftex.def Info: Figures/exam3_back_left_ped.png  used on input line 37
7.
(pdftex.def)             Requested size: 119.2467pt x 68.0332pt.
<Figures/exam3_back_ped.png, id=290, 853.68938pt x 489.32813pt>
File: Figures/exam3_back_ped.png Graphic file (type png)
<use Figures/exam3_back_ped.png>
Package pdftex.def Info: Figures/exam3_back_ped.png  used on input line 382.
(pdftex.def)             Requested size: 119.2467pt x 68.34866pt.
<Figures/exam3_back_right_ped.png, id=291, 853.68938pt x 489.32813pt>
File: Figures/exam3_back_right_ped.png Graphic file (type png)
<use Figures/exam3_back_right_ped.png>
Package pdftex.def Info: Figures/exam3_back_right_ped.png  used on input line 3
87.
(pdftex.def)             Requested size: 119.2467pt x 68.34866pt.
 [9 <./Figures/exam1_front_left_trailer.png> <./Figures/exam1_back_left_trailer
.png> <./Figures/exam1_back_trailer.png> <./Figures/exam2_front_left_truck.png>
 <./Figures/exam2_front_truck.png> <./Figures/exam2_front_right_truck.png> <./F
igures/exam3_back_left_ped.png> <./Figures/exam3_back_ped.png> <./Figures/exam3
_back_right_ped.png>]
Overfull \hbox (38.3861pt too wide) in paragraph at lines 418--429
 [][] 
 []

[10]

Package hyperref Warning: Token not allowed in a PDF string (Unicode):
(hyperref)                removing `math shift' on input line 436.


Package hyperref Warning: Token not allowed in a PDF string (Unicode):
(hyperref)                removing `math shift' on input line 436.

<Figures/proposed_model_arch.png, id=319, 966.61125pt x 501.37312pt>
File: Figures/proposed_model_arch.png Graphic file (type png)
<use Figures/proposed_model_arch.png>
Package pdftex.def Info: Figures/proposed_model_arch.png  used on input line 44
6.
(pdftex.def)             Requested size: 377.60951pt x 195.8637pt.
[11

 <./Figures/proposed_model_arch.png>]
Underfull \vbox (badness 10000) has occurred while \output is active []

 [12]
[13] [14] [15

] [16

]
<Figures/n008-2018-09-18-15-26-58-0400__CAM_FRONT__1537299148862404.jpg, id=411
, 1606.0pt x 903.375pt>
File: Figures/n008-2018-09-18-15-26-58-0400__CAM_FRONT__1537299148862404.jpg Gr
aphic file (type jpg)
<use Figures/n008-2018-09-18-15-26-58-0400__CAM_FRONT__1537299148862404.jpg>
Package pdftex.def Info: Figures/n008-2018-09-18-15-26-58-0400__CAM_FRONT__1537
299148862404.jpg  used on input line 772.
(pdftex.def)             Requested size: 170.71652pt x 96.02194pt.

Overfull \vbox (52.10594pt too high) detected at line 772
 []

<Figures/n015-2018-11-14-19-09-14+0800__CAM_BACK_LEFT__1542193883447423.jpg, id
=412, 1606.0pt x 903.375pt>
File: Figures/n015-2018-11-14-19-09-14+0800__CAM_BACK_LEFT__1542193883447423.jp
g Graphic file (type jpg)
<use Figures/n015-2018-11-14-19-09-14+0800__CAM_BACK_LEFT__1542193883447423.jpg
>
Package pdftex.def Info: Figures/n015-2018-11-14-19-09-14+0800__CAM_BACK_LEFT__
1542193883447423.jpg  used on input line 785.
(pdftex.def)             Requested size: 170.71652pt x 96.02194pt.

Overfull \vbox (52.10594pt too high) detected at line 785
 []

<Figures/n008-2018-09-18-13-41-50-0400__CAM_BACK_LEFT__1537293297797405.jpg, id
=413, 1606.0pt x 903.375pt>
File: Figures/n008-2018-09-18-13-41-50-0400__CAM_BACK_LEFT__1537293297797405.jp
g Graphic file (type jpg)
<use Figures/n008-2018-09-18-13-41-50-0400__CAM_BACK_LEFT__1537293297797405.jpg
>
Package pdftex.def Info: Figures/n008-2018-09-18-13-41-50-0400__CAM_BACK_LEFT__
1537293297797405.jpg  used on input line 797.
(pdftex.def)             Requested size: 170.71652pt x 96.02194pt.

Overfull \vbox (52.10594pt too high) detected at line 797
 []


Underfull \hbox (badness 10000) in paragraph at lines 798--799
[]|\OT1/ptm/b/n/10 Q\OT1/ptm/m/n/10 : What is the fu-ture state of
 []

<Figures/n008-2018-08-29-16-04-13-0400__CAM_BACK_RIGHT__1535573956528113.jpg, i
d=414, 1606.0pt x 903.375pt>
File: Figures/n008-2018-08-29-16-04-13-0400__CAM_BACK_RIGHT__1535573956528113.j
pg Graphic file (type jpg)
<use Figures/n008-2018-08-29-16-04-13-0400__CAM_BACK_RIGHT__1535573956528113.jp
g>
Package pdftex.def Info: Figures/n008-2018-08-29-16-04-13-0400__CAM_BACK_RIGHT_
_1535573956528113.jpg  used on input line 809.
(pdftex.def)             Requested size: 170.71652pt x 96.02194pt.

Overfull \vbox (52.10594pt too high) detected at line 809
 []


Overfull \hbox (53.30635pt too wide) in paragraph at lines 767--817
 [][] 
 []


Underfull \vbox (badness 10000) has occurred while \output is active []

 [17

 <./Figures/n008-2018-09-18-15-26-58-0400__CAM_FRONT__1537299148862404.jpg> <./
Figures/n015-2018-11-14-19-09-14+0800__CAM_BACK_LEFT__1542193883447423.jpg> <./
Figures/n008-2018-09-18-13-41-50-0400__CAM_BACK_LEFT__1537293297797405.jpg> <./
Figures/n008-2018-08-29-16-04-13-0400__CAM_BACK_RIGHT__1535573956528113.jpg>]
<Figures/n015-2018-10-08-15-52-24+0800__CAM_FRONT_RIGHT__1538985706770339.jpg, 
id=422, 1606.0pt x 903.375pt>
File: Figures/n015-2018-10-08-15-52-24+0800__CAM_FRONT_RIGHT__1538985706770339.
jpg Graphic file (type jpg)
<use Figures/n015-2018-10-08-15-52-24+0800__CAM_FRONT_RIGHT__1538985706770339.j
pg>
Package pdftex.def Info: Figures/n015-2018-10-08-15-52-24+0800__CAM_FRONT_RIGHT
__1538985706770339.jpg  used on input line 832.
(pdftex.def)             Requested size: 170.71652pt x 96.02194pt.

Overfull \vbox (52.10594pt too high) detected at line 832
 []


Underfull \hbox (badness 10000) in paragraph at lines 833--834
[]|\OT1/ptm/b/n/10 Q\OT1/ptm/m/n/10 : What is the vi-sual de-scrip-tion of
 []

<Figures/n015-2018-10-08-16-03-24+0800__CAM_BACK_LEFT__1538985816447423.jpg, id
=423, 1606.0pt x 903.375pt>
File: Figures/n015-2018-10-08-16-03-24+0800__CAM_BACK_LEFT__1538985816447423.jp
g Graphic file (type jpg)
<use Figures/n015-2018-10-08-16-03-24+0800__CAM_BACK_LEFT__1538985816447423.jpg
>
Package pdftex.def Info: Figures/n015-2018-10-08-16-03-24+0800__CAM_BACK_LEFT__
1538985816447423.jpg  used on input line 844.
(pdftex.def)             Requested size: 170.71652pt x 96.02194pt.

Overfull \vbox (52.10594pt too high) detected at line 844
 []


Overfull \hbox (53.30635pt too wide) in paragraph at lines 827--852
 [][] 
 []

<Figures/n008-2018-08-29-16-04-13-0400__CAM_BACK_LEFT__1535573956547405.jpg, id
=424, 1606.0pt x 903.375pt>
File: Figures/n008-2018-08-29-16-04-13-0400__CAM_BACK_LEFT__1535573956547405.jp
g Graphic file (type jpg)
<use Figures/n008-2018-08-29-16-04-13-0400__CAM_BACK_LEFT__1535573956547405.jpg
>
Package pdftex.def Info: Figures/n008-2018-08-29-16-04-13-0400__CAM_BACK_LEFT__
1535573956547405.jpg  used on input line 865.
(pdftex.def)             Requested size: 170.71652pt x 96.02194pt.

Overfull \vbox (52.10594pt too high) detected at line 865
 []

<Figures/n008-2018-09-18-13-10-39-0400__CAM_FRONT__1537290748612404.jpg, id=425
, 1606.0pt x 903.375pt>
File: Figures/n008-2018-09-18-13-10-39-0400__CAM_FRONT__1537290748612404.jpg Gr
aphic file (type jpg)
<use Figures/n008-2018-09-18-13-10-39-0400__CAM_FRONT__1537290748612404.jpg>
Package pdftex.def Info: Figures/n008-2018-09-18-13-10-39-0400__CAM_FRONT__1537
290748612404.jpg  used on input line 877.
(pdftex.def)             Requested size: 170.71652pt x 96.02194pt.

Overfull \vbox (52.10594pt too high) detected at line 877
 []


Underfull \hbox (badness 10000) in paragraph at lines 878--879
[]|\OT1/ptm/b/n/10 Q\OT1/ptm/m/n/10 : What is the vi-sual de-scrip-tion of
 []


Overfull \hbox (53.30635pt too wide) in paragraph at lines 858--885
 [][] 
 []

[18 <./Figures/n015-2018-10-08-15-52-24+0800__CAM_FRONT_RIGHT__1538985706770339
.jpg> <./Figures/n015-2018-10-08-16-03-24+0800__CAM_BACK_LEFT__1538985816447423
.jpg> <./Figures/n008-2018-08-29-16-04-13-0400__CAM_BACK_LEFT__1535573956547405
.jpg> <./Figures/n008-2018-09-18-13-10-39-0400__CAM_FRONT__1537290748612404.jpg
>]
Underfull \hbox (badness 10000) in paragraph at lines 912--912
\OT1/pcr/m/n/10 <c3,CAM[]FRONT[]RIGHT,
 []


Underfull \hbox (badness 10000) in paragraph at lines 912--912
\OT1/pcr/m/n/10 1010.7,411.4> \OT1/ptm/m/n/10 to be
 []


Underfull \hbox (badness 10000) in paragraph at lines 914--914
[]|\OT1/ptm/m/n/10 What ac-tions taken by
 []


Underfull \hbox (badness 10000) in paragraph at lines 914--914
\OT1/ptm/m/n/10 the ego ve-hi-cle can
 []


Underfull \hbox (badness 10000) in paragraph at lines 914--914
\OT1/ptm/m/n/10 lead to a col-li-sion with
 []


Underfull \hbox (badness 10000) in paragraph at lines 914--914
\OT1/pcr/m/n/10 <c1,CAM[]FRONT[]RIGHT,
 []


Underfull \hbox (badness 1810) in paragraph at lines 918--918
[]|\OT1/ptm/m/n/10 What is the mov-ing sta-tus
 []


Overfull \hbox (71.78944pt too wide) in paragraph at lines 906--921
 [][] 
 []


Underfull \hbox (badness 10000) in paragraph at lines 933--933
[]|\OT1/ptm/m/n/10 What is the vi-
 []


Underfull \hbox (badness 10000) in paragraph at lines 933--933
\OT1/ptm/m/n/10 sual de-scrip-tion of
 []


Underfull \hbox (badness 10000) in paragraph at lines 933--933
\OT1/pcr/m/n/10 <c1,CAM[]FRONT[]RIGHT,
 []


Underfull \hbox (badness 10000) in paragraph at lines 933--933
\OT1/ptm/m/n/10 ing a black
 []


Overfull \hbox (71.78944pt too wide) in paragraph at lines 929--936
 [][] 
 []

[19

] [20] [21] (4 - Final Report.bbl [22]
Underfull \hbox (badness 1424) in paragraph at lines 138--144
[]\OT1/ptm/m/n/10 Tianwen Qian, Jingjing Chen, Lin-hai Zhuo, Yang Jiao, and Yu-
Gang Jiang.  Nuscenes-
 []


Underfull \hbox (badness 7397) in paragraph at lines 138--144
\OT1/ptm/m/n/10 qa: A multi-modal vi-sual ques-tion an-swer-ing bench-mark for 
au-tonomous driv-ing
 []


Underfull \hbox (badness 5105) in paragraph at lines 138--144
\OT1/ptm/m/n/10 sce-nario.  \OT1/ptm/m/it/10 arXiv preprint arXiv:2305.14836\OT
1/ptm/m/n/10 , 2024.  URL []$\OT1/pcr/m/n/10 chrome-[]extension :
 []


Underfull \hbox (badness 10000) in paragraph at lines 138--144
\OT1/pcr/m/n/10 / / efaidnbmnnnibpcajpcglclefindmkaj / https : / / arxiv . org 
/ pdf / 2305 .
 []

) [23] (4 - Final Report.aux)
 ***********
LaTeX2e <2023-11-01> patch level 1
L3 programming layer <2024-01-04>
 ***********


LaTeX Warning: There were multiply-defined labels.

Package rerunfilecheck Info: File `"4 - Final Report".out' has not changed.
(rerunfilecheck)             Checksum: AEF3E254E42E6D0DD985651788223783;4431.
 ) 
Here is how much of TeX's memory you used:
 13886 strings out of 474486
 220998 string characters out of 5740416
 1954542 words of memory out of 5000000
 35784 multiletter control sequences out of 15000+600000
 598133 words of font info for 129 fonts, out of 8000000 for 9000
 1141 hyphenation exceptions out of 8191
 75i,18n,79p,804b,592s stack positions out of 10000i,1000n,20000p,200000b,200000s
<C:/Users/Patrick Chen/AppData/Local/Programs/MiKTeX/fonts/type1/public/amsfo
nts/cm/cmex10.pfb><C:/Users/Patrick Chen/AppData/Local/Programs/MiKTeX/fonts/ty
pe1/public/amsfonts/cm/cmmi10.pfb><C:/Users/Patrick Chen/AppData/Local/Programs
/MiKTeX/fonts/type1/public/amsfonts/cm/cmmi12.pfb><C:/Users/Patrick Chen/AppDat
a/Local/Programs/MiKTeX/fonts/type1/public/amsfonts/cm/cmmi5.pfb><C:/Users/Patr
ick Chen/AppData/Local/Programs/MiKTeX/fonts/type1/public/amsfonts/cm/cmmi7.pfb
><C:/Users/Patrick Chen/AppData/Local/Programs/MiKTeX/fonts/type1/public/amsfon
ts/cm/cmmi9.pfb><C:/Users/Patrick Chen/AppData/Local/Programs/MiKTeX/fonts/type
1/public/amsfonts/cm/cmr10.pfb><C:/Users/Patrick Chen/AppData/Local/Programs/Mi
KTeX/fonts/type1/public/amsfonts/cm/cmr7.pfb><C:/Users/Patrick Chen/AppData/Loc
al/Programs/MiKTeX/fonts/type1/public/amsfonts/cm/cmr9.pfb><C:/Users/Patrick Ch
en/AppData/Local/Programs/MiKTeX/fonts/type1/public/amsfonts/cm/cmsy10.pfb><C:/
Users/Patrick Chen/AppData/Local/Programs/MiKTeX/fonts/type1/public/amsfonts/cm
/cmsy6.pfb><C:/Users/Patrick Chen/AppData/Local/Programs/MiKTeX/fonts/type1/pub
lic/amsfonts/cm/cmsy7.pfb><C:/Users/Patrick Chen/AppData/Local/Programs/MiKTeX/
fonts/type1/public/amsfonts/cm/cmsy9.pfb><C:/Users/Patrick Chen/AppData/Local/P
rograms/MiKTeX/fonts/type1/public/amsfonts/symbols/msbm10.pfb><C:/Users/Patrick
 Chen/AppData/Local/Programs/MiKTeX/fonts/type1/urw/courier/ucrb8a.pfb><C:/User
s/Patrick Chen/AppData/Local/Programs/MiKTeX/fonts/type1/urw/courier/ucrr8a.pfb
><C:/Users/Patrick Chen/AppData/Local/Programs/MiKTeX/fonts/type1/urw/times/utm
b8a.pfb><C:/Users/Patrick Chen/AppData/Local/Programs/MiKTeX/fonts/type1/urw/ti
mes/utmr8a.pfb><C:/Users/Patrick Chen/AppData/Local/Programs/MiKTeX/fonts/type1
/urw/times/utmri8a.pfb><C:/Users/Patrick Chen/AppData/Local/Programs/MiKTeX/fon
ts/type1/urw/zapfding/uzdr.pfb>
Output written on "4 - Final Report.pdf" (23 pages, 13342801 bytes).
PDF statistics:
 601 PDF objects out of 1000 (max. 8388607)
 143 named destinations out of 1000 (max. 500000)
 263 words of extra memory for PDF output out of 10000 (max. 10000000)

